<?xml version="1.0" encoding="UTF-8"?>
<!-- Generated by org.testng.reporters.JUnitXMLReporter -->
<testsuite ignored="0" hostname="DESKTOP-NPK11H1" failures="0" tests="3" name="Test" time="49.06" errors="0" timestamp="2023-01-25T08:30:32 GMT">
  <testcase classname="com.Bank.CustomerLoginTest.LoginTest" name="Login" time="31.402"/>
  <testcase classname="com.Bank.BankManagerLoginTest.AddCustomerTest" name="AddCustomer" time="3.293"/>
  <testcase classname="com.Bank.BankManagerLoginTest.OpenAccountTest" name="AddCustomer" time="1.911"/>
</testsuite> <!-- Test -->
